  [1m[35m (521.1ms)[0m  [1m[35mCREATE DATABASE "MusicApp_development" ENCODING = 'unicode'[0m
  ↳ bin/rails:9
  [1m[35m (685.8ms)[0m  [1m[35mCREATE DATABASE "MusicApp_test" ENCODING = 'unicode'[0m
  ↳ bin/rails:9
  [1m[35m (50.5ms)[0m  [1m[35mCREATE TABLE "schema_migrations" ("version" character varying NOT NULL PRIMARY KEY)[0m
  ↳ bin/rails:9
  [1m[35m (25.5ms)[0m  [1m[35mCREATE TABLE "ar_internal_metadata" ("key" character varying NOT NULL PRIMARY KEY, "value" character varying, "created_at" timestamp NOT NULL, "updated_at" timestamp NOT NULL)[0m
  ↳ bin/rails:9
  [1m[35m (3.9ms)[0m  [1m[34mSELECT pg_try_advisory_lock(1555902080779534005)[0m
  ↳ bin/rails:9
  [1m[35m (1.0ms)[0m  [1m[34mSELECT "schema_migrations"."version" FROM "schema_migrations" ORDER BY "schema_migrations"."version" ASC[0m
  ↳ bin/rails:9
Migrating to CreateBands (20201208185700)
  [1m[35m (6.1ms)[0m  [1m[35mBEGIN[0m
  ↳ bin/rails:9
  [1m[35m (40.1ms)[0m  [1m[35mCREATE TABLE "bands" ("id" bigserial primary key, "name" character varying NOT NULL, "created_at" timestamp NOT NULL, "updated_at" timestamp NOT NULL)[0m
  ↳ db/migrate/20201208185700_create_bands.rb:3
  [1m[36mActiveRecord::SchemaMigration Create (5.3ms)[0m  [1m[32mINSERT INTO "schema_migrations" ("version") VALUES ($1) RETURNING "version"[0m  [["version", "20201208185700"]]
  ↳ bin/rails:9
  [1m[35m (0.9ms)[0m  [1m[35mCOMMIT[0m
  ↳ bin/rails:9
Migrating to CreateAlbums (20201208185709)
  [1m[35m (9.4ms)[0m  [1m[35mBEGIN[0m
  ↳ bin/rails:9
  [1m[35m (20.4ms)[0m  [1m[35mCREATE TABLE "albums" ("id" bigserial primary key, "band_id" integer NOT NULL, "title" character varying NOT NULL, "year" integer NOT NULL, "version" character varying(1) NOT NULL)[0m
  ↳ db/migrate/20201208185709_create_albums.rb:3
  [1m[35m (6.1ms)[0m  [1m[35mCREATE  INDEX  "index_albums_on_band_id" ON "albums"  ("band_id")[0m
  ↳ db/migrate/20201208185709_create_albums.rb:9
  [1m[36mActiveRecord::SchemaMigration Create (1.3ms)[0m  [1m[32mINSERT INTO "schema_migrations" ("version") VALUES ($1) RETURNING "version"[0m  [["version", "20201208185709"]]
  ↳ bin/rails:9
  [1m[35m (4.6ms)[0m  [1m[35mCOMMIT[0m
  ↳ bin/rails:9
Migrating to CreateTracks (20201208185717)
  [1m[35m (6.3ms)[0m  [1m[35mBEGIN[0m
  ↳ bin/rails:9
  [1m[35m (31.2ms)[0m  [1m[35mCREATE TABLE "tracks" ("id" bigserial primary key, "album_id" integer NOT NULL, "title" character varying NOT NULL, "ord" integer NOT NULL, "lyrics" character varying, "version" character varying(1) NOT NULL)[0m
  ↳ db/migrate/20201208185717_create_tracks.rb:3
  [1m[35m (4.6ms)[0m  [1m[35mCREATE  INDEX  "index_tracks_on_album_id" ON "tracks"  ("album_id")[0m
  ↳ db/migrate/20201208185717_create_tracks.rb:11
  [1m[36mActiveRecord::SchemaMigration Create (0.8ms)[0m  [1m[32mINSERT INTO "schema_migrations" ("version") VALUES ($1) RETURNING "version"[0m  [["version", "20201208185717"]]
  ↳ bin/rails:9
  [1m[35m (0.9ms)[0m  [1m[35mCOMMIT[0m
  ↳ bin/rails:9
  [1m[36mActiveRecord::InternalMetadata Load (15.7ms)[0m  [1m[34mSELECT  "ar_internal_metadata".* FROM "ar_internal_metadata" WHERE "ar_internal_metadata"."key" = $1 LIMIT $2[0m  [["key", "environment"], ["LIMIT", 1]]
  ↳ bin/rails:9
  [1m[35m (0.3ms)[0m  [1m[35mBEGIN[0m
  ↳ bin/rails:9
  [1m[36mActiveRecord::InternalMetadata Create (13.1ms)[0m  [1m[32mINSERT INTO "ar_internal_metadata" ("key", "value", "created_at", "updated_at") VALUES ($1, $2, $3, $4) RETURNING "key"[0m  [["key", "environment"], ["value", "development"], ["created_at", "2020-12-08 19:16:21.396279"], ["updated_at", "2020-12-08 19:16:21.396279"]]
  ↳ bin/rails:9
  [1m[35m (6.8ms)[0m  [1m[35mCOMMIT[0m
  ↳ bin/rails:9
  [1m[35m (0.4ms)[0m  [1m[34mSELECT pg_advisory_unlock(1555902080779534005)[0m
  ↳ bin/rails:9
  [1m[35m (0.9ms)[0m  [1m[34mSELECT "schema_migrations"."version" FROM "schema_migrations" ORDER BY "schema_migrations"."version" ASC[0m
  ↳ bin/rails:9
  [1m[35m (0.3ms)[0m  [1m[34mSELECT pg_try_advisory_lock(1555902080779534005)[0m
  ↳ bin/rails:9
  [1m[35m (1.4ms)[0m  [1m[34mSELECT "schema_migrations"."version" FROM "schema_migrations" ORDER BY "schema_migrations"."version" ASC[0m
  ↳ bin/rails:9
Migrating to CreateUsers (20201208191656)
  [1m[35m (0.2ms)[0m  [1m[35mBEGIN[0m
  ↳ bin/rails:9
  [1m[35m (51.6ms)[0m  [1m[35mCREATE TABLE "users" ("id" bigserial primary key, "email" character varying NOT NULL, "password_digest" character varying NOT NULL, "session_token" character varying NOT NULL)[0m
  ↳ db/migrate/20201208191656_create_users.rb:3
  [1m[36mActiveRecord::SchemaMigration Create (0.9ms)[0m  [1m[32mINSERT INTO "schema_migrations" ("version") VALUES ($1) RETURNING "version"[0m  [["version", "20201208191656"]]
  ↳ bin/rails:9
  [1m[35m (0.6ms)[0m  [1m[35mCOMMIT[0m
  ↳ bin/rails:9
  [1m[36mActiveRecord::InternalMetadata Load (13.7ms)[0m  [1m[34mSELECT  "ar_internal_metadata".* FROM "ar_internal_metadata" WHERE "ar_internal_metadata"."key" = $1 LIMIT $2[0m  [["key", "environment"], ["LIMIT", 1]]
  ↳ bin/rails:9
  [1m[35m (0.7ms)[0m  [1m[35mBEGIN[0m
  ↳ bin/rails:9
  [1m[35m (1.0ms)[0m  [1m[35mCOMMIT[0m
  ↳ bin/rails:9
  [1m[35m (0.5ms)[0m  [1m[34mSELECT pg_advisory_unlock(1555902080779534005)[0m
  ↳ bin/rails:9
  [1m[35m (0.5ms)[0m  [1m[34mSELECT "schema_migrations"."version" FROM "schema_migrations" ORDER BY "schema_migrations"."version" ASC[0m
  ↳ bin/rails:9
  [1m[35m (12.2ms)[0m  [1m[34mSELECT "schema_migrations"."version" FROM "schema_migrations" ORDER BY "schema_migrations"."version" ASC[0m
  ↳ bin/rails:9
Started GET "/band" for ::1 at 2020-12-08 15:20:56 -0600
  [1m[35m (6.8ms)[0m  [1m[34mSELECT "schema_migrations"."version" FROM "schema_migrations" ORDER BY "schema_migrations"."version" ASC[0m
  ↳ /Users/Zihao/.rbenv/versions/2.5.1/lib/ruby/gems/2.5.0/gems/activerecord-5.2.4.4/lib/active_record/log_subscriber.rb:98
  
ActionController::RoutingError (No route matches [GET] "/band"):
  
actionpack (5.2.4.4) lib/action_dispatch/middleware/debug_exceptions.rb:65:in `call'
web-console (3.7.0) lib/web_console/middleware.rb:135:in `call_app'
web-console (3.7.0) lib/web_console/middleware.rb:30:in `block in call'
web-console (3.7.0) lib/web_console/middleware.rb:20:in `catch'
web-console (3.7.0) lib/web_console/middleware.rb:20:in `call'
actionpack (5.2.4.4) lib/action_dispatch/middleware/show_exceptions.rb:33:in `call'
railties (5.2.4.4) lib/rails/rack/logger.rb:38:in `call_app'
railties (5.2.4.4) lib/rails/rack/logger.rb:26:in `block in call'
activesupport (5.2.4.4) lib/active_support/tagged_logging.rb:71:in `block in tagged'
activesupport (5.2.4.4) lib/active_support/tagged_logging.rb:28:in `tagged'
activesupport (5.2.4.4) lib/active_support/tagged_logging.rb:71:in `tagged'
railties (5.2.4.4) lib/rails/rack/logger.rb:26:in `call'
sprockets-rails (3.2.2) lib/sprockets/rails/quiet_assets.rb:13:in `call'
actionpack (5.2.4.4) lib/action_dispatch/middleware/remote_ip.rb:81:in `call'
actionpack (5.2.4.4) lib/action_dispatch/middleware/request_id.rb:27:in `call'
rack (2.2.3) lib/rack/method_override.rb:24:in `call'
rack (2.2.3) lib/rack/runtime.rb:22:in `call'
activesupport (5.2.4.4) lib/active_support/cache/strategy/local_cache_middleware.rb:29:in `call'
actionpack (5.2.4.4) lib/action_dispatch/middleware/executor.rb:14:in `call'
actionpack (5.2.4.4) lib/action_dispatch/middleware/static.rb:127:in `call'
rack (2.2.3) lib/rack/sendfile.rb:110:in `call'
railties (5.2.4.4) lib/rails/engine.rb:524:in `call'
puma (3.12.6) lib/puma/configuration.rb:227:in `call'
puma (3.12.6) lib/puma/server.rb:706:in `handle_request'
puma (3.12.6) lib/puma/server.rb:476:in `process_client'
puma (3.12.6) lib/puma/server.rb:334:in `block in run'
puma (3.12.6) lib/puma/thread_pool.rb:135:in `block in spawn_thread'
Started GET "/bands_path" for ::1 at 2020-12-08 15:21:26 -0600
  
ActionController::RoutingError (No route matches [GET] "/bands_path"):
  
actionpack (5.2.4.4) lib/action_dispatch/middleware/debug_exceptions.rb:65:in `call'
web-console (3.7.0) lib/web_console/middleware.rb:135:in `call_app'
web-console (3.7.0) lib/web_console/middleware.rb:30:in `block in call'
web-console (3.7.0) lib/web_console/middleware.rb:20:in `catch'
web-console (3.7.0) lib/web_console/middleware.rb:20:in `call'
actionpack (5.2.4.4) lib/action_dispatch/middleware/show_exceptions.rb:33:in `call'
railties (5.2.4.4) lib/rails/rack/logger.rb:38:in `call_app'
railties (5.2.4.4) lib/rails/rack/logger.rb:26:in `block in call'
activesupport (5.2.4.4) lib/active_support/tagged_logging.rb:71:in `block in tagged'
activesupport (5.2.4.4) lib/active_support/tagged_logging.rb:28:in `tagged'
activesupport (5.2.4.4) lib/active_support/tagged_logging.rb:71:in `tagged'
railties (5.2.4.4) lib/rails/rack/logger.rb:26:in `call'
sprockets-rails (3.2.2) lib/sprockets/rails/quiet_assets.rb:13:in `call'
actionpack (5.2.4.4) lib/action_dispatch/middleware/remote_ip.rb:81:in `call'
actionpack (5.2.4.4) lib/action_dispatch/middleware/request_id.rb:27:in `call'
rack (2.2.3) lib/rack/method_override.rb:24:in `call'
rack (2.2.3) lib/rack/runtime.rb:22:in `call'
activesupport (5.2.4.4) lib/active_support/cache/strategy/local_cache_middleware.rb:29:in `call'
actionpack (5.2.4.4) lib/action_dispatch/middleware/executor.rb:14:in `call'
actionpack (5.2.4.4) lib/action_dispatch/middleware/static.rb:127:in `call'
rack (2.2.3) lib/rack/sendfile.rb:110:in `call'
railties (5.2.4.4) lib/rails/engine.rb:524:in `call'
puma (3.12.6) lib/puma/configuration.rb:227:in `call'
puma (3.12.6) lib/puma/server.rb:706:in `handle_request'
puma (3.12.6) lib/puma/server.rb:476:in `process_client'
puma (3.12.6) lib/puma/server.rb:334:in `block in run'
puma (3.12.6) lib/puma/thread_pool.rb:135:in `block in spawn_thread'
Started GET "/bands" for ::1 at 2020-12-08 15:21:38 -0600
  
SyntaxError (/Users/Zihao/Desktop/App Academy/W7D2/MusicApp/app/controllers/bands_controller.rb:20: syntax error, unexpected ')', expecting ']'
... = Band.find_by([params[:name])
...                              ^):
  
app/controllers/bands_controller.rb:20: syntax error, unexpected ')', expecting ']'
Started GET "/bands" for ::1 at 2020-12-08 15:22:26 -0600
  
SyntaxError (/Users/Zihao/Desktop/App Academy/W7D2/MusicApp/app/controllers/application_controller.rb:31: syntax error, unexpected end-of-input, expecting keyword_end):
  
app/controllers/application_controller.rb:31: syntax error, unexpected end-of-input, expecting keyword_end
app/controllers/bands_controller.rb:1:in `<top (required)>'
Started GET "/bands" for ::1 at 2020-12-08 15:23:02 -0600
Processing by BandsController#index as HTML
  Rendering bands/index.html.erb within layouts/application
  Rendered bands/index.html.erb within layouts/application (64.8ms)
Completed 500 Internal Server Error in 115ms (ActiveRecord: 0.0ms)


  
SyntaxError (/Users/Zihao/Desktop/App Academy/W7D2/MusicApp/app/views/bands/index.html.erb:14: syntax error, unexpected tIDENTIFIER, expecting keyword_do or '{' or '('
...buffer.safe_append='">Edit band info </a>
...                           ^~~~
/Users/Zihao/Desktop/App Academy/W7D2/MusicApp/app/views/bands/index.html.erb:15: unknown regexp options - dv
/Users/Zihao/Desktop/App Academy/W7D2/MusicApp/app/views/bands/index.html.erb:16: syntax error, unexpected '<'
            </div>
            ^
/Users/Zihao/Desktop/App Academy/W7D2/MusicApp/app/views/bands/index.html.erb:18: unknown regexp options - ct
/Users/Zihao/Desktop/App Academy/W7D2/MusicApp/app/views/bands/index.html.erb:19: syntax error, unexpected '<'
</section>'.freeze;
^
/Users/Zihao/Desktop/App Academy/W7D2/MusicApp/app/views/bands/index.html.erb:23: unterminated regexp meets end of file
          end
             ^
/Users/Zihao/Desktop/App Academy/W7D2/MusicApp/app/views/bands/index.html.erb:23: syntax error, unexpected end-of-input, expecting ')'
          end
             ^):
  
app/views/bands/index.html.erb:14: syntax error, unexpected tIDENTIFIER, expecting keyword_do or '{' or '('
app/views/bands/index.html.erb:15: unknown regexp options - dv
app/views/bands/index.html.erb:16: syntax error, unexpected '<'
app/views/bands/index.html.erb:18: unknown regexp options - ct
app/views/bands/index.html.erb:19: syntax error, unexpected '<'
app/views/bands/index.html.erb:23: unterminated regexp meets end of file
app/views/bands/index.html.erb:23: syntax error, unexpected end-of-input, expecting ')'
app/controllers/bands_controller.rb:5:in `index'
Started GET "/bands" for ::1 at 2020-12-08 15:24:10 -0600
Processing by BandsController#index as HTML
  Rendering bands/index.html.erb within layouts/application
  Rendered bands/index.html.erb within layouts/application (2.5ms)
Completed 500 Internal Server Error in 47ms (ActiveRecord: 0.0ms)


  
SyntaxError (/Users/Zihao/Desktop/App Academy/W7D2/MusicApp/app/views/bands/index.html.erb:14: syntax error, unexpected tIDENTIFIER, expecting keyword_do or '{' or '('
...buffer.safe_append='">Edit band info </a>
...                           ^~~~
/Users/Zihao/Desktop/App Academy/W7D2/MusicApp/app/views/bands/index.html.erb:15: unknown regexp options - dv
/Users/Zihao/Desktop/App Academy/W7D2/MusicApp/app/views/bands/index.html.erb:16: syntax error, unexpected '<'
            </div>
            ^
/Users/Zihao/Desktop/App Academy/W7D2/MusicApp/app/views/bands/index.html.erb:18: unknown regexp options - ct
/Users/Zihao/Desktop/App Academy/W7D2/MusicApp/app/views/bands/index.html.erb:19: syntax error, unexpected '<'
</section>'.freeze;
^
/Users/Zihao/Desktop/App Academy/W7D2/MusicApp/app/views/bands/index.html.erb:23: unterminated regexp meets end of file
          end
             ^
/Users/Zihao/Desktop/App Academy/W7D2/MusicApp/app/views/bands/index.html.erb:23: syntax error, unexpected end-of-input, expecting ')'
          end
             ^):
  
app/views/bands/index.html.erb:14: syntax error, unexpected tIDENTIFIER, expecting keyword_do or '{' or '('
app/views/bands/index.html.erb:15: unknown regexp options - dv
app/views/bands/index.html.erb:16: syntax error, unexpected '<'
app/views/bands/index.html.erb:18: unknown regexp options - ct
app/views/bands/index.html.erb:19: syntax error, unexpected '<'
app/views/bands/index.html.erb:23: unterminated regexp meets end of file
app/views/bands/index.html.erb:23: syntax error, unexpected end-of-input, expecting ')'
app/controllers/bands_controller.rb:5:in `index'
Started GET "/bands" for ::1 at 2020-12-08 15:24:22 -0600
Processing by BandsController#index as HTML
  Rendering bands/index.html.erb within layouts/application
  [1m[36mBand Load (29.6ms)[0m  [1m[34mSELECT "bands".* FROM "bands"[0m
  ↳ app/views/bands/index.html.erb:10
  Rendered bands/index.html.erb within layouts/application (94.3ms)
Completed 500 Internal Server Error in 3705ms (ActiveRecord: 84.2ms)


  
ActionView::Template::Error (undefined local variable or method `current_use' for #<#<Class:0x00007fe37e3664b0>:0x00007fe37ebf91e0>
Did you mean?  current_user):
    12:   <body>
    13:     <nav class="main-nav">
    14:     <div>
    15:     <% if current_use.nil?%>
    16:       <a href="<%= new_session_url %>"> Sign in</a>
    17:       <a href="<%= new_user_url %>"> Sign up</a>
    18:      
  
app/views/layouts/application.html.erb:15:in `_app_views_layouts_application_html_erb___2543579206077790025_70307518175720'
app/controllers/bands_controller.rb:5:in `index'
Started GET "/bands" for ::1 at 2020-12-08 15:25:16 -0600
Processing by BandsController#index as HTML
  Rendering bands/index.html.erb within layouts/application
  [1m[36mBand Load (1.9ms)[0m  [1m[34mSELECT "bands".* FROM "bands"[0m
  ↳ app/views/bands/index.html.erb:10
  Rendered bands/index.html.erb within layouts/application (56.1ms)
Completed 200 OK in 457ms (Views: 417.2ms | ActiveRecord: 1.9ms)


Started GET "/bands" for ::1 at 2020-12-08 15:32:16 -0600
Processing by BandsController#index as HTML
  Rendering bands/index.html.erb within layouts/application
  [1m[36mBand Load (4.1ms)[0m  [1m[34mSELECT "bands".* FROM "bands"[0m
  ↳ app/views/bands/index.html.erb:10
  Rendered bands/index.html.erb within layouts/application (45.0ms)
Completed 500 Internal Server Error in 1224ms (ActiveRecord: 4.1ms)


  
ActionView::Template::Error (undefined local variable or method `current_use' for #<#<Class:0x00007fe37e3664b0>:0x00007fe383a28e10>
Did you mean?  current_user):
    12:   <body>
    13:     <nav class="main-nav">
    14:     <div>
    15:     <% if current_use.nil?%>
    16:       <a href="<%= new_session_url %>"> Sign in</a>
    17:       <a href="<%= new_user_url %>"> Sign up</a>
    18:      
  
app/views/layouts/application.html.erb:15:in `_app_views_layouts_application_html_erb___2543579206077790025_70307559189200'
app/controllers/bands_controller.rb:5:in `index'
Started GET "/bands" for ::1 at 2020-12-08 15:33:23 -0600
Processing by BandsController#index as HTML
  Rendering bands/index.html.erb within layouts/application
  [1m[36mBand Load (1.8ms)[0m  [1m[34mSELECT "bands".* FROM "bands"[0m
  ↳ app/views/bands/index.html.erb:10
  Rendered bands/index.html.erb within layouts/application (21.3ms)
Completed 200 OK in 254ms (Views: 235.4ms | ActiveRecord: 1.8ms)


Started GET "/bands" for ::1 at 2020-12-08 15:43:21 -0600
Processing by BandsController#index as HTML
  Rendering bands/index.html.erb within layouts/application
  [1m[36mBand Load (3.4ms)[0m  [1m[34mSELECT "bands".* FROM "bands"[0m
  ↳ app/views/bands/index.html.erb:10
  Rendered bands/index.html.erb within layouts/application (24.5ms)
Completed 200 OK in 250ms (Views: 224.7ms | ActiveRecord: 3.4ms)


Started GET "/new_band_url%20%%3E" for ::1 at 2020-12-08 15:43:24 -0600
  
ActionController::RoutingError (No route matches [GET] "/new_band_url%20%%3E"):
  
actionpack (5.2.4.4) lib/action_dispatch/middleware/debug_exceptions.rb:65:in `call'
web-console (3.7.0) lib/web_console/middleware.rb:135:in `call_app'
web-console (3.7.0) lib/web_console/middleware.rb:30:in `block in call'
web-console (3.7.0) lib/web_console/middleware.rb:20:in `catch'
web-console (3.7.0) lib/web_console/middleware.rb:20:in `call'
actionpack (5.2.4.4) lib/action_dispatch/middleware/show_exceptions.rb:33:in `call'
railties (5.2.4.4) lib/rails/rack/logger.rb:38:in `call_app'
railties (5.2.4.4) lib/rails/rack/logger.rb:26:in `block in call'
activesupport (5.2.4.4) lib/active_support/tagged_logging.rb:71:in `block in tagged'
activesupport (5.2.4.4) lib/active_support/tagged_logging.rb:28:in `tagged'
activesupport (5.2.4.4) lib/active_support/tagged_logging.rb:71:in `tagged'
railties (5.2.4.4) lib/rails/rack/logger.rb:26:in `call'
sprockets-rails (3.2.2) lib/sprockets/rails/quiet_assets.rb:13:in `call'
actionpack (5.2.4.4) lib/action_dispatch/middleware/remote_ip.rb:81:in `call'
actionpack (5.2.4.4) lib/action_dispatch/middleware/request_id.rb:27:in `call'
rack (2.2.3) lib/rack/method_override.rb:24:in `call'
rack (2.2.3) lib/rack/runtime.rb:22:in `call'
activesupport (5.2.4.4) lib/active_support/cache/strategy/local_cache_middleware.rb:29:in `call'
actionpack (5.2.4.4) lib/action_dispatch/middleware/executor.rb:14:in `call'
actionpack (5.2.4.4) lib/action_dispatch/middleware/static.rb:127:in `call'
rack (2.2.3) lib/rack/sendfile.rb:110:in `call'
railties (5.2.4.4) lib/rails/engine.rb:524:in `call'
puma (3.12.6) lib/puma/configuration.rb:227:in `call'
puma (3.12.6) lib/puma/server.rb:706:in `handle_request'
puma (3.12.6) lib/puma/server.rb:476:in `process_client'
puma (3.12.6) lib/puma/server.rb:334:in `block in run'
puma (3.12.6) lib/puma/thread_pool.rb:135:in `block in spawn_thread'
Started GET "/bands" for ::1 at 2020-12-08 15:44:17 -0600
Processing by BandsController#index as HTML
  Rendering bands/index.html.erb within layouts/application
  [1m[36mBand Load (1.4ms)[0m  [1m[34mSELECT "bands".* FROM "bands"[0m
  ↳ app/views/bands/index.html.erb:10
  Rendered bands/index.html.erb within layouts/application (26.3ms)
Completed 200 OK in 263ms (Views: 237.9ms | ActiveRecord: 1.4ms)


Started GET "/bands" for ::1 at 2020-12-08 15:45:04 -0600
Processing by BandsController#index as HTML
  Rendering bands/index.html.erb within layouts/application
  [1m[36mBand Load (0.9ms)[0m  [1m[34mSELECT "bands".* FROM "bands"[0m
  ↳ app/views/bands/index.html.erb:10
  Rendered bands/index.html.erb within layouts/application (16.2ms)
Completed 200 OK in 373ms (Views: 350.1ms | ActiveRecord: 0.9ms)


Started GET "/bands" for ::1 at 2020-12-08 15:45:24 -0600
Processing by BandsController#index as HTML
  Rendering bands/index.html.erb within layouts/application
  [1m[36mBand Load (67.1ms)[0m  [1m[34mSELECT "bands".* FROM "bands"[0m
  ↳ app/views/bands/index.html.erb:10
  Rendered bands/index.html.erb within layouts/application (81.2ms)
Completed 200 OK in 326ms (Views: 249.0ms | ActiveRecord: 67.1ms)


Started GET "/bands" for ::1 at 2020-12-08 15:45:51 -0600
Processing by BandsController#index as HTML
  Rendering bands/index.html.erb within layouts/application
  [1m[36mBand Load (15.1ms)[0m  [1m[34mSELECT "bands".* FROM "bands"[0m
  ↳ app/views/bands/index.html.erb:10
  Rendered bands/index.html.erb within layouts/application (66.7ms)
Completed 200 OK in 449ms (Views: 405.9ms | ActiveRecord: 15.1ms)


Started GET "/new_band_url%20%%3E" for ::1 at 2020-12-08 15:46:59 -0600
  
ActionController::RoutingError (No route matches [GET] "/new_band_url%20%%3E"):
  
actionpack (5.2.4.4) lib/action_dispatch/middleware/debug_exceptions.rb:65:in `call'
web-console (3.7.0) lib/web_console/middleware.rb:135:in `call_app'
web-console (3.7.0) lib/web_console/middleware.rb:30:in `block in call'
web-console (3.7.0) lib/web_console/middleware.rb:20:in `catch'
web-console (3.7.0) lib/web_console/middleware.rb:20:in `call'
actionpack (5.2.4.4) lib/action_dispatch/middleware/show_exceptions.rb:33:in `call'
railties (5.2.4.4) lib/rails/rack/logger.rb:38:in `call_app'
railties (5.2.4.4) lib/rails/rack/logger.rb:26:in `block in call'
activesupport (5.2.4.4) lib/active_support/tagged_logging.rb:71:in `block in tagged'
activesupport (5.2.4.4) lib/active_support/tagged_logging.rb:28:in `tagged'
activesupport (5.2.4.4) lib/active_support/tagged_logging.rb:71:in `tagged'
railties (5.2.4.4) lib/rails/rack/logger.rb:26:in `call'
sprockets-rails (3.2.2) lib/sprockets/rails/quiet_assets.rb:13:in `call'
actionpack (5.2.4.4) lib/action_dispatch/middleware/remote_ip.rb:81:in `call'
actionpack (5.2.4.4) lib/action_dispatch/middleware/request_id.rb:27:in `call'
rack (2.2.3) lib/rack/method_override.rb:24:in `call'
rack (2.2.3) lib/rack/runtime.rb:22:in `call'
activesupport (5.2.4.4) lib/active_support/cache/strategy/local_cache_middleware.rb:29:in `call'
actionpack (5.2.4.4) lib/action_dispatch/middleware/executor.rb:14:in `call'
actionpack (5.2.4.4) lib/action_dispatch/middleware/static.rb:127:in `call'
rack (2.2.3) lib/rack/sendfile.rb:110:in `call'
railties (5.2.4.4) lib/rails/engine.rb:524:in `call'
puma (3.12.6) lib/puma/configuration.rb:227:in `call'
puma (3.12.6) lib/puma/server.rb:706:in `handle_request'
puma (3.12.6) lib/puma/server.rb:476:in `process_client'
puma (3.12.6) lib/puma/server.rb:334:in `block in run'
puma (3.12.6) lib/puma/thread_pool.rb:135:in `block in spawn_thread'
Started GET "/bands" for ::1 at 2020-12-08 15:47:03 -0600
Processing by BandsController#index as HTML
  Rendering bands/index.html.erb within layouts/application
  [1m[36mBand Load (3.6ms)[0m  [1m[34mSELECT "bands".* FROM "bands"[0m
  ↳ app/views/bands/index.html.erb:10
  Rendered bands/index.html.erb within layouts/application (21.3ms)
Completed 200 OK in 209ms (Views: 197.4ms | ActiveRecord: 3.6ms)


Started GET "/bands" for ::1 at 2020-12-08 15:47:24 -0600
Processing by BandsController#index as HTML
  Rendering bands/index.html.erb within layouts/application
  [1m[36mBand Load (0.9ms)[0m  [1m[34mSELECT "bands".* FROM "bands"[0m
  ↳ app/views/bands/index.html.erb:10
  Rendered bands/index.html.erb within layouts/application (5.9ms)
Completed 200 OK in 260ms (Views: 257.5ms | ActiveRecord: 0.9ms)


Started GET "/bands" for ::1 at 2020-12-08 15:47:45 -0600
Processing by BandsController#index as HTML
  Rendering bands/index.html.erb within layouts/application
  [1m[36mBand Load (7.0ms)[0m  [1m[34mSELECT "bands".* FROM "bands"[0m
  ↳ app/views/bands/index.html.erb:10
  Rendered bands/index.html.erb within layouts/application (35.1ms)
Completed 200 OK in 682ms (Views: 606.7ms | ActiveRecord: 7.0ms)


Started GET "/bands" for ::1 at 2020-12-08 15:48:04 -0600
Processing by BandsController#index as HTML
  Rendering bands/index.html.erb within layouts/application
  [1m[36mBand Load (14.5ms)[0m  [1m[34mSELECT "bands".* FROM "bands"[0m
  ↳ app/views/bands/index.html.erb:10
  Rendered bands/index.html.erb within layouts/application (60.8ms)
Completed 200 OK in 451ms (Views: 422.0ms | ActiveRecord: 14.5ms)


Started GET "/bands" for ::1 at 2020-12-08 15:48:21 -0600
Processing by BandsController#index as HTML
  Rendering bands/index.html.erb within layouts/application
  [1m[36mBand Load (27.2ms)[0m  [1m[34mSELECT "bands".* FROM "bands"[0m
  ↳ app/views/bands/index.html.erb:10
  Rendered bands/index.html.erb within layouts/application (32.5ms)
Completed 200 OK in 228ms (Views: 198.4ms | ActiveRecord: 27.2ms)


Started GET "/bands" for ::1 at 2020-12-08 15:49:01 -0600
Processing by BandsController#index as HTML
  Rendering bands/index.html.erb within layouts/application
  [1m[36mBand Load (2.0ms)[0m  [1m[34mSELECT "bands".* FROM "bands"[0m
  ↳ app/views/bands/index.html.erb:10
  Rendered bands/index.html.erb within layouts/application (33.6ms)
Completed 200 OK in 700ms (Views: 667.5ms | ActiveRecord: 2.0ms)


Started GET "/bands" for ::1 at 2020-12-08 15:49:54 -0600
Processing by BandsController#index as HTML
  Rendering bands/index.html.erb within layouts/application
  [1m[36mBand Load (1.0ms)[0m  [1m[34mSELECT "bands".* FROM "bands"[0m
  ↳ app/views/bands/index.html.erb:10
  Rendered bands/index.html.erb within layouts/application (21.0ms)
Completed 200 OK in 431ms (Views: 410.7ms | ActiveRecord: 1.0ms)


Started GET "/bands" for ::1 at 2020-12-08 15:50:18 -0600
Processing by BandsController#index as HTML
  Rendering bands/index.html.erb within layouts/application
  [1m[36mBand Load (1.9ms)[0m  [1m[34mSELECT "bands".* FROM "bands"[0m
  ↳ app/views/bands/index.html.erb:10
  Rendered bands/index.html.erb within layouts/application (11.7ms)
Completed 200 OK in 565ms (Views: 560.0ms | ActiveRecord: 1.9ms)


Started GET "/bands" for ::1 at 2020-12-08 15:51:34 -0600
Processing by BandsController#index as HTML
  Rendering bands/index.html.erb within layouts/application
  [1m[36mBand Load (1.9ms)[0m  [1m[34mSELECT "bands".* FROM "bands"[0m
  ↳ app/views/bands/index.html.erb:10
  Rendered bands/index.html.erb within layouts/application (27.9ms)
Completed 200 OK in 637ms (Views: 604.2ms | ActiveRecord: 1.9ms)


Started GET "/bands" for ::1 at 2020-12-08 15:51:47 -0600
Processing by BandsController#index as HTML
  Rendering bands/index.html.erb within layouts/application
  [1m[36mBand Load (10.3ms)[0m  [1m[34mSELECT "bands".* FROM "bands"[0m
  ↳ app/views/bands/index.html.erb:10
  Rendered bands/index.html.erb within layouts/application (17.2ms)
Completed 200 OK in 267ms (Views: 255.1ms | ActiveRecord: 10.3ms)


Started GET "/bands" for ::1 at 2020-12-08 15:53:47 -0600
Processing by BandsController#index as HTML
  Rendering bands/index.html.erb within layouts/application
  [1m[36mBand Load (2.0ms)[0m  [1m[34mSELECT "bands".* FROM "bands"[0m
  ↳ app/views/bands/index.html.erb:10
  Rendered bands/index.html.erb within layouts/application (54.4ms)
Completed 200 OK in 596ms (Views: 563.1ms | ActiveRecord: 2.0ms)


Started GET "/bands" for ::1 at 2020-12-08 15:54:09 -0600
Processing by BandsController#index as HTML
  Rendering bands/index.html.erb within layouts/application
  [1m[36mBand Load (20.5ms)[0m  [1m[34mSELECT "bands".* FROM "bands"[0m
  ↳ app/views/bands/index.html.erb:10
  Rendered bands/index.html.erb within layouts/application (33.7ms)
Completed 200 OK in 235ms (Views: 212.0ms | ActiveRecord: 20.5ms)


Started GET "/new_band_url%20%%3E" for ::1 at 2020-12-08 15:54:58 -0600
  
ActionController::RoutingError (No route matches [GET] "/new_band_url%20%%3E"):
  
actionpack (5.2.4.4) lib/action_dispatch/middleware/debug_exceptions.rb:65:in `call'
web-console (3.7.0) lib/web_console/middleware.rb:135:in `call_app'
web-console (3.7.0) lib/web_console/middleware.rb:30:in `block in call'
web-console (3.7.0) lib/web_console/middleware.rb:20:in `catch'
web-console (3.7.0) lib/web_console/middleware.rb:20:in `call'
actionpack (5.2.4.4) lib/action_dispatch/middleware/show_exceptions.rb:33:in `call'
railties (5.2.4.4) lib/rails/rack/logger.rb:38:in `call_app'
railties (5.2.4.4) lib/rails/rack/logger.rb:26:in `block in call'
activesupport (5.2.4.4) lib/active_support/tagged_logging.rb:71:in `block in tagged'
activesupport (5.2.4.4) lib/active_support/tagged_logging.rb:28:in `tagged'
activesupport (5.2.4.4) lib/active_support/tagged_logging.rb:71:in `tagged'
railties (5.2.4.4) lib/rails/rack/logger.rb:26:in `call'
sprockets-rails (3.2.2) lib/sprockets/rails/quiet_assets.rb:13:in `call'
actionpack (5.2.4.4) lib/action_dispatch/middleware/remote_ip.rb:81:in `call'
actionpack (5.2.4.4) lib/action_dispatch/middleware/request_id.rb:27:in `call'
rack (2.2.3) lib/rack/method_override.rb:24:in `call'
rack (2.2.3) lib/rack/runtime.rb:22:in `call'
activesupport (5.2.4.4) lib/active_support/cache/strategy/local_cache_middleware.rb:29:in `call'
actionpack (5.2.4.4) lib/action_dispatch/middleware/executor.rb:14:in `call'
actionpack (5.2.4.4) lib/action_dispatch/middleware/static.rb:127:in `call'
rack (2.2.3) lib/rack/sendfile.rb:110:in `call'
railties (5.2.4.4) lib/rails/engine.rb:524:in `call'
puma (3.12.6) lib/puma/configuration.rb:227:in `call'
puma (3.12.6) lib/puma/server.rb:706:in `handle_request'
puma (3.12.6) lib/puma/server.rb:476:in `process_client'
puma (3.12.6) lib/puma/server.rb:334:in `block in run'
puma (3.12.6) lib/puma/thread_pool.rb:135:in `block in spawn_thread'
Started GET "/new_band_url%20%%3E" for ::1 at 2020-12-08 16:00:16 -0600
  [1m[35m (3.4ms)[0m  [1m[34mSELECT "schema_migrations"."version" FROM "schema_migrations" ORDER BY "schema_migrations"."version" ASC[0m
  ↳ /Users/Zihao/.rbenv/versions/2.5.1/lib/ruby/gems/2.5.0/gems/activerecord-5.2.4.4/lib/active_record/log_subscriber.rb:98
  
ActionController::RoutingError (No route matches [GET] "/new_band_url%20%%3E"):
  
actionpack (5.2.4.4) lib/action_dispatch/middleware/debug_exceptions.rb:65:in `call'
web-console (3.7.0) lib/web_console/middleware.rb:135:in `call_app'
web-console (3.7.0) lib/web_console/middleware.rb:30:in `block in call'
web-console (3.7.0) lib/web_console/middleware.rb:20:in `catch'
web-console (3.7.0) lib/web_console/middleware.rb:20:in `call'
actionpack (5.2.4.4) lib/action_dispatch/middleware/show_exceptions.rb:33:in `call'
railties (5.2.4.4) lib/rails/rack/logger.rb:38:in `call_app'
railties (5.2.4.4) lib/rails/rack/logger.rb:26:in `block in call'
activesupport (5.2.4.4) lib/active_support/tagged_logging.rb:71:in `block in tagged'
activesupport (5.2.4.4) lib/active_support/tagged_logging.rb:28:in `tagged'
activesupport (5.2.4.4) lib/active_support/tagged_logging.rb:71:in `tagged'
railties (5.2.4.4) lib/rails/rack/logger.rb:26:in `call'
sprockets-rails (3.2.2) lib/sprockets/rails/quiet_assets.rb:13:in `call'
actionpack (5.2.4.4) lib/action_dispatch/middleware/remote_ip.rb:81:in `call'
actionpack (5.2.4.4) lib/action_dispatch/middleware/request_id.rb:27:in `call'
rack (2.2.3) lib/rack/method_override.rb:24:in `call'
rack (2.2.3) lib/rack/runtime.rb:22:in `call'
activesupport (5.2.4.4) lib/active_support/cache/strategy/local_cache_middleware.rb:29:in `call'
actionpack (5.2.4.4) lib/action_dispatch/middleware/executor.rb:14:in `call'
actionpack (5.2.4.4) lib/action_dispatch/middleware/static.rb:127:in `call'
rack (2.2.3) lib/rack/sendfile.rb:110:in `call'
railties (5.2.4.4) lib/rails/engine.rb:524:in `call'
puma (3.12.6) lib/puma/configuration.rb:227:in `call'
puma (3.12.6) lib/puma/server.rb:706:in `handle_request'
puma (3.12.6) lib/puma/server.rb:476:in `process_client'
puma (3.12.6) lib/puma/server.rb:334:in `block in run'
puma (3.12.6) lib/puma/thread_pool.rb:135:in `block in spawn_thread'
Started GET "/new_band_url%20%%3E" for ::1 at 2020-12-08 16:00:46 -0600
  
ActionController::RoutingError (No route matches [GET] "/new_band_url%20%%3E"):
  
actionpack (5.2.4.4) lib/action_dispatch/middleware/debug_exceptions.rb:65:in `call'
web-console (3.7.0) lib/web_console/middleware.rb:135:in `call_app'
web-console (3.7.0) lib/web_console/middleware.rb:30:in `block in call'
web-console (3.7.0) lib/web_console/middleware.rb:20:in `catch'
web-console (3.7.0) lib/web_console/middleware.rb:20:in `call'
actionpack (5.2.4.4) lib/action_dispatch/middleware/show_exceptions.rb:33:in `call'
railties (5.2.4.4) lib/rails/rack/logger.rb:38:in `call_app'
railties (5.2.4.4) lib/rails/rack/logger.rb:26:in `block in call'
activesupport (5.2.4.4) lib/active_support/tagged_logging.rb:71:in `block in tagged'
activesupport (5.2.4.4) lib/active_support/tagged_logging.rb:28:in `tagged'
activesupport (5.2.4.4) lib/active_support/tagged_logging.rb:71:in `tagged'
railties (5.2.4.4) lib/rails/rack/logger.rb:26:in `call'
sprockets-rails (3.2.2) lib/sprockets/rails/quiet_assets.rb:13:in `call'
actionpack (5.2.4.4) lib/action_dispatch/middleware/remote_ip.rb:81:in `call'
actionpack (5.2.4.4) lib/action_dispatch/middleware/request_id.rb:27:in `call'
rack (2.2.3) lib/rack/method_override.rb:24:in `call'
rack (2.2.3) lib/rack/runtime.rb:22:in `call'
activesupport (5.2.4.4) lib/active_support/cache/strategy/local_cache_middleware.rb:29:in `call'
actionpack (5.2.4.4) lib/action_dispatch/middleware/executor.rb:14:in `call'
actionpack (5.2.4.4) lib/action_dispatch/middleware/static.rb:127:in `call'
rack (2.2.3) lib/rack/sendfile.rb:110:in `call'
railties (5.2.4.4) lib/rails/engine.rb:524:in `call'
puma (3.12.6) lib/puma/configuration.rb:227:in `call'
puma (3.12.6) lib/puma/server.rb:706:in `handle_request'
puma (3.12.6) lib/puma/server.rb:476:in `process_client'
puma (3.12.6) lib/puma/server.rb:334:in `block in run'
puma (3.12.6) lib/puma/thread_pool.rb:135:in `block in spawn_thread'
Started GET "/bands" for ::1 at 2020-12-08 16:00:52 -0600
Processing by BandsController#index as HTML
  Rendering bands/index.html.erb within layouts/application
  [1m[36mBand Load (2.0ms)[0m  [1m[34mSELECT "bands".* FROM "bands"[0m
  ↳ app/views/bands/index.html.erb:10
  Rendered bands/index.html.erb within layouts/application (41.6ms)
Completed 200 OK in 892ms (Views: 818.6ms | ActiveRecord: 38.1ms)


Started GET "/session/new" for ::1 at 2020-12-08 16:00:57 -0600
Processing by SessionsController#new as HTML
  Rendering sessions/new.html.erb within layouts/application
  Rendered shared/_errors.html.erb (0.9ms)
  Rendered sessions/new.html.erb within layouts/application (1201.7ms)
Completed 500 Internal Server Error in 1271ms (ActiveRecord: 0.0ms)



NameError - undefined local variable or method `form_authentication_token' for #<#<Class:0x00007f8e056f4718>:0x00007f8e098810c8>
Did you mean?  form_authenticity_token:
  app/views/sessions/new.html.erb:9:in `_app_views_sessions_new_html_erb___1641486941810224770_70123972327860'
  app/controllers/sessions_controller.rb:5:in `new'

Started POST "/__better_errors/bb6c2eb0adfbe20b/variables" for ::1 at 2020-12-08 16:01:00 -0600
Started GET "/session/new" for ::1 at 2020-12-08 16:01:41 -0600
Processing by SessionsController#new as HTML
  Rendering sessions/new.html.erb within layouts/application
  Rendered shared/_errors.html.erb (7.8ms)
  Rendered sessions/new.html.erb within layouts/application (1651.9ms)
Completed 500 Internal Server Error in 1746ms (ActiveRecord: 0.0ms)



NameError - undefined local variable or method `form_authentication_token' for #<#<Class:0x00007f8e056f4718>:0x00007f8e09ae34d8>
Did you mean?  form_authenticity_token:
  app/views/sessions/new.html.erb:9:in `_app_views_sessions_new_html_erb___1641486941810224770_70124012244820'
  app/controllers/sessions_controller.rb:5:in `new'

Started POST "/__better_errors/531e951aa867a36c/variables" for ::1 at 2020-12-08 16:01:47 -0600
Started GET "/bands" for ::1 at 2020-12-08 16:01:49 -0600
Processing by BandsController#index as HTML
  Rendering bands/index.html.erb within layouts/application
  [1m[36mBand Load (4.6ms)[0m  [1m[34mSELECT "bands".* FROM "bands"[0m
  ↳ app/views/bands/index.html.erb:10
  Rendered bands/index.html.erb within layouts/application (24.9ms)
Completed 200 OK in 580ms (Views: 572.9ms | ActiveRecord: 4.6ms)


Started GET "/session/new" for ::1 at 2020-12-08 16:01:52 -0600
Processing by SessionsController#new as HTML
  Rendering sessions/new.html.erb within layouts/application
  Rendered shared/_errors.html.erb (3.1ms)
  Rendered sessions/new.html.erb within layouts/application (1674.5ms)
Completed 500 Internal Server Error in 1750ms (ActiveRecord: 0.0ms)



NameError - undefined local variable or method `form_authentication_token' for #<#<Class:0x00007f8e056f4718>:0x00007f8e098d2c20>
Did you mean?  form_authenticity_token:
  app/views/sessions/new.html.erb:9:in `_app_views_sessions_new_html_erb___1641486941810224770_70123999263860'
  app/controllers/sessions_controller.rb:5:in `new'

Started POST "/__better_errors/7aa10add50e8664a/variables" for ::1 at 2020-12-08 16:01:56 -0600
Started GET "/bands" for ::1 at 2020-12-08 16:02:13 -0600
Processing by BandsController#index as HTML
  Rendering bands/index.html.erb within layouts/application
  [1m[36mBand Load (2.5ms)[0m  [1m[34mSELECT "bands".* FROM "bands"[0m
  ↳ app/views/bands/index.html.erb:10
  Rendered bands/index.html.erb within layouts/application (33.5ms)
Completed 200 OK in 311ms (Views: 284.8ms | ActiveRecord: 2.5ms)


Started GET "/users/new" for ::1 at 2020-12-08 16:02:16 -0600

SyntaxError - syntax error, unexpected end-of-input, expecting keyword_end:
  app/controllers/users_controller.rb:28:in `'

Started POST "/__better_errors/cae7b738c37947f3/variables" for ::1 at 2020-12-08 16:02:16 -0600
Started GET "/bands" for ::1 at 2020-12-08 16:02:37 -0600
Processing by BandsController#index as HTML
  Rendering bands/index.html.erb within layouts/application
  [1m[36mBand Load (1.0ms)[0m  [1m[34mSELECT "bands".* FROM "bands"[0m
  ↳ app/views/bands/index.html.erb:10
  Rendered bands/index.html.erb within layouts/application (41.2ms)
Completed 200 OK in 459ms (Views: 308.5ms | ActiveRecord: 29.7ms)


Started GET "/users/new" for ::1 at 2020-12-08 16:02:40 -0600
Processing by UsersController#new as HTML
Completed 500 Internal Server Error in 15ms (ActiveRecord: 0.0ms)



SyntaxError - syntax error, unexpected end-of-input, expecting keyword_end:
  app/models/user.rb:49:in `'
  app/controllers/users_controller.rb:5:in `new'

Started POST "/__better_errors/7d4a7dbecfb3eb3c/variables" for ::1 at 2020-12-08 16:02:40 -0600
Started POST "/__better_errors/7d4a7dbecfb3eb3c/variables" for ::1 at 2020-12-08 16:02:52 -0600
Started GET "/bands" for ::1 at 2020-12-08 16:03:40 -0600
Processing by BandsController#index as HTML
  Rendering bands/index.html.erb within layouts/application
  [1m[36mBand Load (1.5ms)[0m  [1m[34mSELECT "bands".* FROM "bands"[0m
  ↳ app/views/bands/index.html.erb:10
  Rendered bands/index.html.erb within layouts/application (40.2ms)
Completed 200 OK in 387ms (Views: 321.5ms | ActiveRecord: 15.4ms)


Started GET "/users/new" for ::1 at 2020-12-08 16:03:43 -0600
Processing by UsersController#new as HTML
  Rendering users/new.html.erb within layouts/application
  Rendered shared/_errors.html.erb (2.2ms)
  Rendered users/new.html.erb within layouts/application (2369.3ms)
Completed 500 Internal Server Error in 2653ms (ActiveRecord: 181.5ms)



NameError - undefined local variable or method `form_authentication_token' for #<#<Class:0x00007f8e09b34dd8>:0x00007f8e09b26f80>
Did you mean?  form_authenticity_token:
  app/views/users/new.html.erb:9:in `_app_views_users_new_html_erb__4610176220842350724_70124012383400'
  app/controllers/users_controller.rb:6:in `new'

Started POST "/__better_errors/f3c115a79c33434a/variables" for ::1 at 2020-12-08 16:03:49 -0600
Started GET "/bands" for ::1 at 2020-12-08 16:04:25 -0600
Processing by BandsController#index as HTML
  Rendering bands/index.html.erb within layouts/application
  [1m[36mBand Load (2.9ms)[0m  [1m[34mSELECT "bands".* FROM "bands"[0m
  ↳ app/views/bands/index.html.erb:10
  Rendered bands/index.html.erb within layouts/application (29.4ms)
Completed 200 OK in 415ms (Views: 396.9ms | ActiveRecord: 2.9ms)


Started GET "/users/new" for ::1 at 2020-12-08 16:04:28 -0600
Processing by UsersController#new as HTML
  Rendering users/new.html.erb within layouts/application
  Rendered shared/_errors.html.erb (2.3ms)
  Rendered users/new.html.erb within layouts/application (14.6ms)
Completed 200 OK in 163ms (Views: 157.9ms | ActiveRecord: 0.0ms)


Started POST "/users/users_url" for ::1 at 2020-12-08 16:04:34 -0600
  
ActionController::RoutingError (No route matches [POST] "/users/users_url"):
  
actionpack (5.2.4.4) lib/action_dispatch/middleware/debug_exceptions.rb:65:in `call'
web-console (3.7.0) lib/web_console/middleware.rb:135:in `call_app'
web-console (3.7.0) lib/web_console/middleware.rb:30:in `block in call'
web-console (3.7.0) lib/web_console/middleware.rb:20:in `catch'
web-console (3.7.0) lib/web_console/middleware.rb:20:in `call'
actionpack (5.2.4.4) lib/action_dispatch/middleware/show_exceptions.rb:33:in `call'
railties (5.2.4.4) lib/rails/rack/logger.rb:38:in `call_app'
railties (5.2.4.4) lib/rails/rack/logger.rb:26:in `block in call'
activesupport (5.2.4.4) lib/active_support/tagged_logging.rb:71:in `block in tagged'
activesupport (5.2.4.4) lib/active_support/tagged_logging.rb:28:in `tagged'
activesupport (5.2.4.4) lib/active_support/tagged_logging.rb:71:in `tagged'
railties (5.2.4.4) lib/rails/rack/logger.rb:26:in `call'
sprockets-rails (3.2.2) lib/sprockets/rails/quiet_assets.rb:13:in `call'
actionpack (5.2.4.4) lib/action_dispatch/middleware/remote_ip.rb:81:in `call'
actionpack (5.2.4.4) lib/action_dispatch/middleware/request_id.rb:27:in `call'
rack (2.2.3) lib/rack/method_override.rb:24:in `call'
rack (2.2.3) lib/rack/runtime.rb:22:in `call'
activesupport (5.2.4.4) lib/active_support/cache/strategy/local_cache_middleware.rb:29:in `call'
actionpack (5.2.4.4) lib/action_dispatch/middleware/executor.rb:14:in `call'
actionpack (5.2.4.4) lib/action_dispatch/middleware/static.rb:127:in `call'
rack (2.2.3) lib/rack/sendfile.rb:110:in `call'
railties (5.2.4.4) lib/rails/engine.rb:524:in `call'
puma (3.12.6) lib/puma/configuration.rb:227:in `call'
puma (3.12.6) lib/puma/server.rb:706:in `handle_request'
puma (3.12.6) lib/puma/server.rb:476:in `process_client'
puma (3.12.6) lib/puma/server.rb:334:in `block in run'
puma (3.12.6) lib/puma/thread_pool.rb:135:in `block in spawn_thread'
Started GET "/session/new" for ::1 at 2020-12-08 16:04:53 -0600
Processing by SessionsController#new as HTML
  Rendering sessions/new.html.erb within layouts/application
  Rendered shared/_errors.html.erb (1.1ms)
  Rendered sessions/new.html.erb within layouts/application (8.4ms)
Completed 200 OK in 225ms (Views: 215.4ms | ActiveRecord: 0.0ms)


Started GET "/users/new" for ::1 at 2020-12-08 16:04:55 -0600
Processing by UsersController#new as HTML
  Rendering users/new.html.erb within layouts/application
  Rendered shared/_errors.html.erb (1.0ms)
  Rendered users/new.html.erb within layouts/application (13.7ms)
Completed 200 OK in 134ms (Views: 131.4ms | ActiveRecord: 0.0ms)


Started GET "/session/new" for ::1 at 2020-12-08 16:04:56 -0600
Processing by SessionsController#new as HTML
  Rendering sessions/new.html.erb within layouts/application
  Rendered shared/_errors.html.erb (2.9ms)
  Rendered sessions/new.html.erb within layouts/application (12.4ms)
Completed 200 OK in 155ms (Views: 153.8ms | ActiveRecord: 0.0ms)


Started GET "/users/new" for ::1 at 2020-12-08 16:05:03 -0600
Started GET "/session/new" for ::1 at 2020-12-08 16:05:04 -0600
Processing by UsersController#new as HTML
  Rendering users/new.html.erb within layouts/application
Started GET "/users/new" for ::1 at 2020-12-08 16:05:05 -0600
  Rendered shared/_errors.html.erb (18.8ms)
  Rendered users/new.html.erb within layouts/application (535.1ms)
Started GET "/session/new" for ::1 at 2020-12-08 16:05:06 -0600
Started GET "/users/new" for ::1 at 2020-12-08 16:05:07 -0600
Completed 200 OK in 2205ms (Views: 2185.5ms | ActiveRecord: 0.0ms)


Processing by SessionsController#new as HTML
  Rendering sessions/new.html.erb within layouts/application
  Rendered shared/_errors.html.erb (4.3ms)
  Rendered sessions/new.html.erb within layouts/application (142.9ms)
Processing by UsersController#new as HTML
  Rendering users/new.html.erb within layouts/application
  Rendered shared/_errors.html.erb (0.2ms)
  Rendered users/new.html.erb within layouts/application (29.8ms)
Completed 200 OK in 2005ms (Views: 2001.9ms | ActiveRecord: 0.0ms)


Processing by SessionsController#new as HTML
Processing by UsersController#new as HTML
  Rendering users/new.html.erb within layouts/application
  Rendered shared/_errors.html.erb (0.5ms)
  Rendered users/new.html.erb within layouts/application (12.3ms)
  Rendering sessions/new.html.erb within layouts/application
  Rendered shared/_errors.html.erb (0.6ms)
  Rendered sessions/new.html.erb within layouts/application (20.0ms)
Completed 200 OK in 1652ms (Views: 1650.1ms | ActiveRecord: 0.0ms)


Completed 200 OK in 1313ms (Views: 1310.6ms | ActiveRecord: 0.0ms)


Completed 200 OK in 1381ms (Views: 1377.7ms | ActiveRecord: 0.0ms)


Started POST "/users/users_url" for ::1 at 2020-12-08 16:12:11 -0600
  
ActionController::RoutingError (No route matches [POST] "/users/users_url"):
  
actionpack (5.2.4.4) lib/action_dispatch/middleware/debug_exceptions.rb:65:in `call'
web-console (3.7.0) lib/web_console/middleware.rb:135:in `call_app'
web-console (3.7.0) lib/web_console/middleware.rb:30:in `block in call'
web-console (3.7.0) lib/web_console/middleware.rb:20:in `catch'
web-console (3.7.0) lib/web_console/middleware.rb:20:in `call'
actionpack (5.2.4.4) lib/action_dispatch/middleware/show_exceptions.rb:33:in `call'
railties (5.2.4.4) lib/rails/rack/logger.rb:38:in `call_app'
railties (5.2.4.4) lib/rails/rack/logger.rb:26:in `block in call'
activesupport (5.2.4.4) lib/active_support/tagged_logging.rb:71:in `block in tagged'
activesupport (5.2.4.4) lib/active_support/tagged_logging.rb:28:in `tagged'
activesupport (5.2.4.4) lib/active_support/tagged_logging.rb:71:in `tagged'
railties (5.2.4.4) lib/rails/rack/logger.rb:26:in `call'
sprockets-rails (3.2.2) lib/sprockets/rails/quiet_assets.rb:13:in `call'
actionpack (5.2.4.4) lib/action_dispatch/middleware/remote_ip.rb:81:in `call'
actionpack (5.2.4.4) lib/action_dispatch/middleware/request_id.rb:27:in `call'
rack (2.2.3) lib/rack/method_override.rb:24:in `call'
rack (2.2.3) lib/rack/runtime.rb:22:in `call'
activesupport (5.2.4.4) lib/active_support/cache/strategy/local_cache_middleware.rb:29:in `call'
actionpack (5.2.4.4) lib/action_dispatch/middleware/executor.rb:14:in `call'
actionpack (5.2.4.4) lib/action_dispatch/middleware/static.rb:127:in `call'
rack (2.2.3) lib/rack/sendfile.rb:110:in `call'
railties (5.2.4.4) lib/rails/engine.rb:524:in `call'
puma (3.12.6) lib/puma/configuration.rb:227:in `call'
puma (3.12.6) lib/puma/server.rb:706:in `handle_request'
puma (3.12.6) lib/puma/server.rb:476:in `process_client'
puma (3.12.6) lib/puma/server.rb:334:in `block in run'
puma (3.12.6) lib/puma/thread_pool.rb:135:in `block in spawn_thread'
Started GET "/session/new" for ::1 at 2020-12-08 16:12:22 -0600
Processing by SessionsController#new as HTML
  Rendering sessions/new.html.erb within layouts/application
  Rendered shared/_errors.html.erb (0.8ms)
  Rendered sessions/new.html.erb within layouts/application (8.9ms)
Completed 200 OK in 202ms (Views: 198.1ms | ActiveRecord: 0.0ms)


Started POST "/session/session_url" for ::1 at 2020-12-08 16:12:25 -0600
  
ActionController::RoutingError (No route matches [POST] "/session/session_url"):
  
actionpack (5.2.4.4) lib/action_dispatch/middleware/debug_exceptions.rb:65:in `call'
web-console (3.7.0) lib/web_console/middleware.rb:135:in `call_app'
web-console (3.7.0) lib/web_console/middleware.rb:30:in `block in call'
web-console (3.7.0) lib/web_console/middleware.rb:20:in `catch'
web-console (3.7.0) lib/web_console/middleware.rb:20:in `call'
actionpack (5.2.4.4) lib/action_dispatch/middleware/show_exceptions.rb:33:in `call'
railties (5.2.4.4) lib/rails/rack/logger.rb:38:in `call_app'
railties (5.2.4.4) lib/rails/rack/logger.rb:26:in `block in call'
activesupport (5.2.4.4) lib/active_support/tagged_logging.rb:71:in `block in tagged'
activesupport (5.2.4.4) lib/active_support/tagged_logging.rb:28:in `tagged'
activesupport (5.2.4.4) lib/active_support/tagged_logging.rb:71:in `tagged'
railties (5.2.4.4) lib/rails/rack/logger.rb:26:in `call'
sprockets-rails (3.2.2) lib/sprockets/rails/quiet_assets.rb:13:in `call'
actionpack (5.2.4.4) lib/action_dispatch/middleware/remote_ip.rb:81:in `call'
actionpack (5.2.4.4) lib/action_dispatch/middleware/request_id.rb:27:in `call'
rack (2.2.3) lib/rack/method_override.rb:24:in `call'
rack (2.2.3) lib/rack/runtime.rb:22:in `call'
activesupport (5.2.4.4) lib/active_support/cache/strategy/local_cache_middleware.rb:29:in `call'
actionpack (5.2.4.4) lib/action_dispatch/middleware/executor.rb:14:in `call'
actionpack (5.2.4.4) lib/action_dispatch/middleware/static.rb:127:in `call'
rack (2.2.3) lib/rack/sendfile.rb:110:in `call'
railties (5.2.4.4) lib/rails/engine.rb:524:in `call'
puma (3.12.6) lib/puma/configuration.rb:227:in `call'
puma (3.12.6) lib/puma/server.rb:706:in `handle_request'
puma (3.12.6) lib/puma/server.rb:476:in `process_client'
puma (3.12.6) lib/puma/server.rb:334:in `block in run'
puma (3.12.6) lib/puma/thread_pool.rb:135:in `block in spawn_thread'
Started GET "/users/new" for ::1 at 2020-12-08 16:13:04 -0600
Processing by UsersController#new as HTML
  Rendering users/new.html.erb within layouts/application
  Rendered shared/_errors.html.erb (1.2ms)
  Rendered users/new.html.erb within layouts/application (16.5ms)
Completed 200 OK in 335ms (Views: 216.8ms | ActiveRecord: 45.2ms)


Started POST "/users/users_url" for ::1 at 2020-12-08 16:13:16 -0600
  
ActionController::RoutingError (No route matches [POST] "/users/users_url"):
  
actionpack (5.2.4.4) lib/action_dispatch/middleware/debug_exceptions.rb:65:in `call'
web-console (3.7.0) lib/web_console/middleware.rb:135:in `call_app'
web-console (3.7.0) lib/web_console/middleware.rb:30:in `block in call'
web-console (3.7.0) lib/web_console/middleware.rb:20:in `catch'
web-console (3.7.0) lib/web_console/middleware.rb:20:in `call'
actionpack (5.2.4.4) lib/action_dispatch/middleware/show_exceptions.rb:33:in `call'
railties (5.2.4.4) lib/rails/rack/logger.rb:38:in `call_app'
railties (5.2.4.4) lib/rails/rack/logger.rb:26:in `block in call'
activesupport (5.2.4.4) lib/active_support/tagged_logging.rb:71:in `block in tagged'
activesupport (5.2.4.4) lib/active_support/tagged_logging.rb:28:in `tagged'
activesupport (5.2.4.4) lib/active_support/tagged_logging.rb:71:in `tagged'
railties (5.2.4.4) lib/rails/rack/logger.rb:26:in `call'
sprockets-rails (3.2.2) lib/sprockets/rails/quiet_assets.rb:13:in `call'
actionpack (5.2.4.4) lib/action_dispatch/middleware/remote_ip.rb:81:in `call'
actionpack (5.2.4.4) lib/action_dispatch/middleware/request_id.rb:27:in `call'
rack (2.2.3) lib/rack/method_override.rb:24:in `call'
rack (2.2.3) lib/rack/runtime.rb:22:in `call'
activesupport (5.2.4.4) lib/active_support/cache/strategy/local_cache_middleware.rb:29:in `call'
actionpack (5.2.4.4) lib/action_dispatch/middleware/executor.rb:14:in `call'
actionpack (5.2.4.4) lib/action_dispatch/middleware/static.rb:127:in `call'
rack (2.2.3) lib/rack/sendfile.rb:110:in `call'
railties (5.2.4.4) lib/rails/engine.rb:524:in `call'
puma (3.12.6) lib/puma/configuration.rb:227:in `call'
puma (3.12.6) lib/puma/server.rb:706:in `handle_request'
puma (3.12.6) lib/puma/server.rb:476:in `process_client'
puma (3.12.6) lib/puma/server.rb:334:in `block in run'
puma (3.12.6) lib/puma/thread_pool.rb:135:in `block in spawn_thread'
Started POST "/users/users_url" for ::1 at 2020-12-08 16:14:04 -0600
  
ActionController::RoutingError (No route matches [POST] "/users/users_url"):
  
actionpack (5.2.4.4) lib/action_dispatch/middleware/debug_exceptions.rb:65:in `call'
web-console (3.7.0) lib/web_console/middleware.rb:135:in `call_app'
web-console (3.7.0) lib/web_console/middleware.rb:30:in `block in call'
web-console (3.7.0) lib/web_console/middleware.rb:20:in `catch'
web-console (3.7.0) lib/web_console/middleware.rb:20:in `call'
actionpack (5.2.4.4) lib/action_dispatch/middleware/show_exceptions.rb:33:in `call'
railties (5.2.4.4) lib/rails/rack/logger.rb:38:in `call_app'
railties (5.2.4.4) lib/rails/rack/logger.rb:26:in `block in call'
activesupport (5.2.4.4) lib/active_support/tagged_logging.rb:71:in `block in tagged'
activesupport (5.2.4.4) lib/active_support/tagged_logging.rb:28:in `tagged'
activesupport (5.2.4.4) lib/active_support/tagged_logging.rb:71:in `tagged'
railties (5.2.4.4) lib/rails/rack/logger.rb:26:in `call'
sprockets-rails (3.2.2) lib/sprockets/rails/quiet_assets.rb:13:in `call'
actionpack (5.2.4.4) lib/action_dispatch/middleware/remote_ip.rb:81:in `call'
actionpack (5.2.4.4) lib/action_dispatch/middleware/request_id.rb:27:in `call'
rack (2.2.3) lib/rack/method_override.rb:24:in `call'
rack (2.2.3) lib/rack/runtime.rb:22:in `call'
activesupport (5.2.4.4) lib/active_support/cache/strategy/local_cache_middleware.rb:29:in `call'
actionpack (5.2.4.4) lib/action_dispatch/middleware/executor.rb:14:in `call'
actionpack (5.2.4.4) lib/action_dispatch/middleware/static.rb:127:in `call'
rack (2.2.3) lib/rack/sendfile.rb:110:in `call'
railties (5.2.4.4) lib/rails/engine.rb:524:in `call'
puma (3.12.6) lib/puma/configuration.rb:227:in `call'
puma (3.12.6) lib/puma/server.rb:706:in `handle_request'
puma (3.12.6) lib/puma/server.rb:476:in `process_client'
puma (3.12.6) lib/puma/server.rb:334:in `block in run'
puma (3.12.6) lib/puma/thread_pool.rb:135:in `block in spawn_thread'
Started GET "/users/new" for ::1 at 2020-12-08 16:14:35 -0600
Processing by UsersController#new as HTML
  Rendering users/new.html.erb within layouts/application
  Rendered shared/_errors.html.erb (1.4ms)
  Rendered users/new.html.erb within layouts/application (15.1ms)
Completed 200 OK in 312ms (Views: 197.8ms | ActiveRecord: 48.2ms)


Started POST "/users/users_url" for ::1 at 2020-12-08 16:14:41 -0600
  
ActionController::RoutingError (No route matches [POST] "/users/users_url"):
  
actionpack (5.2.4.4) lib/action_dispatch/middleware/debug_exceptions.rb:65:in `call'
web-console (3.7.0) lib/web_console/middleware.rb:135:in `call_app'
web-console (3.7.0) lib/web_console/middleware.rb:30:in `block in call'
web-console (3.7.0) lib/web_console/middleware.rb:20:in `catch'
web-console (3.7.0) lib/web_console/middleware.rb:20:in `call'
actionpack (5.2.4.4) lib/action_dispatch/middleware/show_exceptions.rb:33:in `call'
railties (5.2.4.4) lib/rails/rack/logger.rb:38:in `call_app'
railties (5.2.4.4) lib/rails/rack/logger.rb:26:in `block in call'
activesupport (5.2.4.4) lib/active_support/tagged_logging.rb:71:in `block in tagged'
activesupport (5.2.4.4) lib/active_support/tagged_logging.rb:28:in `tagged'
activesupport (5.2.4.4) lib/active_support/tagged_logging.rb:71:in `tagged'
railties (5.2.4.4) lib/rails/rack/logger.rb:26:in `call'
sprockets-rails (3.2.2) lib/sprockets/rails/quiet_assets.rb:13:in `call'
actionpack (5.2.4.4) lib/action_dispatch/middleware/remote_ip.rb:81:in `call'
actionpack (5.2.4.4) lib/action_dispatch/middleware/request_id.rb:27:in `call'
rack (2.2.3) lib/rack/method_override.rb:24:in `call'
rack (2.2.3) lib/rack/runtime.rb:22:in `call'
activesupport (5.2.4.4) lib/active_support/cache/strategy/local_cache_middleware.rb:29:in `call'
actionpack (5.2.4.4) lib/action_dispatch/middleware/executor.rb:14:in `call'
actionpack (5.2.4.4) lib/action_dispatch/middleware/static.rb:127:in `call'
rack (2.2.3) lib/rack/sendfile.rb:110:in `call'
railties (5.2.4.4) lib/rails/engine.rb:524:in `call'
puma (3.12.6) lib/puma/configuration.rb:227:in `call'
puma (3.12.6) lib/puma/server.rb:706:in `handle_request'
puma (3.12.6) lib/puma/server.rb:476:in `process_client'
puma (3.12.6) lib/puma/server.rb:334:in `block in run'
puma (3.12.6) lib/puma/thread_pool.rb:135:in `block in spawn_thread'
Started GET "/bands" for ::1 at 2020-12-08 16:19:45 -0600
Processing by BandsController#index as HTML
  Rendering bands/index.html.erb within layouts/application
  [1m[36mBand Load (33.7ms)[0m  [1m[34mSELECT "bands".* FROM "bands"[0m
  ↳ app/views/bands/index.html.erb:10
  Rendered bands/index.html.erb within layouts/application (108.8ms)
Completed 200 OK in 468ms (Views: 316.2ms | ActiveRecord: 63.5ms)


Started GET "/users/new" for ::1 at 2020-12-08 16:20:14 -0600
Processing by UsersController#new as HTML
  Rendering users/new.html.erb within layouts/application
  Rendered shared/_errors.html.erb (4.9ms)
  Rendered users/new.html.erb within layouts/application (166.0ms)
Completed 200 OK in 1238ms (Views: 1042.1ms | ActiveRecord: 0.0ms)


Started POST "/users/users_url" for ::1 at 2020-12-08 16:20:20 -0600
  
ActionController::RoutingError (No route matches [POST] "/users/users_url"):
  
actionpack (5.2.4.4) lib/action_dispatch/middleware/debug_exceptions.rb:65:in `call'
web-console (3.7.0) lib/web_console/middleware.rb:135:in `call_app'
web-console (3.7.0) lib/web_console/middleware.rb:30:in `block in call'
web-console (3.7.0) lib/web_console/middleware.rb:20:in `catch'
web-console (3.7.0) lib/web_console/middleware.rb:20:in `call'
actionpack (5.2.4.4) lib/action_dispatch/middleware/show_exceptions.rb:33:in `call'
railties (5.2.4.4) lib/rails/rack/logger.rb:38:in `call_app'
railties (5.2.4.4) lib/rails/rack/logger.rb:26:in `block in call'
activesupport (5.2.4.4) lib/active_support/tagged_logging.rb:71:in `block in tagged'
activesupport (5.2.4.4) lib/active_support/tagged_logging.rb:28:in `tagged'
activesupport (5.2.4.4) lib/active_support/tagged_logging.rb:71:in `tagged'
railties (5.2.4.4) lib/rails/rack/logger.rb:26:in `call'
sprockets-rails (3.2.2) lib/sprockets/rails/quiet_assets.rb:13:in `call'
actionpack (5.2.4.4) lib/action_dispatch/middleware/remote_ip.rb:81:in `call'
actionpack (5.2.4.4) lib/action_dispatch/middleware/request_id.rb:27:in `call'
rack (2.2.3) lib/rack/method_override.rb:24:in `call'
rack (2.2.3) lib/rack/runtime.rb:22:in `call'
activesupport (5.2.4.4) lib/active_support/cache/strategy/local_cache_middleware.rb:29:in `call'
actionpack (5.2.4.4) lib/action_dispatch/middleware/executor.rb:14:in `call'
actionpack (5.2.4.4) lib/action_dispatch/middleware/static.rb:127:in `call'
rack (2.2.3) lib/rack/sendfile.rb:110:in `call'
railties (5.2.4.4) lib/rails/engine.rb:524:in `call'
puma (3.12.6) lib/puma/configuration.rb:227:in `call'
puma (3.12.6) lib/puma/server.rb:706:in `handle_request'
puma (3.12.6) lib/puma/server.rb:476:in `process_client'
puma (3.12.6) lib/puma/server.rb:334:in `block in run'
puma (3.12.6) lib/puma/thread_pool.rb:135:in `block in spawn_thread'
Started GET "/bands" for ::1 at 2020-12-08 16:25:14 -0600
  [1m[35m (5.5ms)[0m  [1m[34mSELECT "schema_migrations"."version" FROM "schema_migrations" ORDER BY "schema_migrations"."version" ASC[0m
  ↳ /Users/Zihao/.rbenv/versions/2.5.1/lib/ruby/gems/2.5.0/gems/activerecord-5.2.4.4/lib/active_record/log_subscriber.rb:98
Processing by BandsController#index as HTML
  Rendering bands/index.html.erb within layouts/application
  [1m[36mBand Load (1.2ms)[0m  [1m[34mSELECT "bands".* FROM "bands"[0m
  ↳ app/views/bands/index.html.erb:10
  Rendered bands/index.html.erb within layouts/application (27.1ms)
Completed 200 OK in 1397ms (Views: 1334.9ms | ActiveRecord: 4.5ms)


Started GET "/users/new" for ::1 at 2020-12-08 16:25:20 -0600
Processing by UsersController#new as HTML
  Rendering users/new.html.erb within layouts/application
  Rendered shared/_errors.html.erb (1.2ms)
  Rendered users/new.html.erb within layouts/application (18.6ms)
Completed 200 OK in 1297ms (Views: 895.0ms | ActiveRecord: 221.0ms)


Started POST "/users/new_user_url" for ::1 at 2020-12-08 16:25:25 -0600
  
ActionController::RoutingError (No route matches [POST] "/users/new_user_url"):
  
actionpack (5.2.4.4) lib/action_dispatch/middleware/debug_exceptions.rb:65:in `call'
web-console (3.7.0) lib/web_console/middleware.rb:135:in `call_app'
web-console (3.7.0) lib/web_console/middleware.rb:30:in `block in call'
web-console (3.7.0) lib/web_console/middleware.rb:20:in `catch'
web-console (3.7.0) lib/web_console/middleware.rb:20:in `call'
actionpack (5.2.4.4) lib/action_dispatch/middleware/show_exceptions.rb:33:in `call'
railties (5.2.4.4) lib/rails/rack/logger.rb:38:in `call_app'
railties (5.2.4.4) lib/rails/rack/logger.rb:26:in `block in call'
activesupport (5.2.4.4) lib/active_support/tagged_logging.rb:71:in `block in tagged'
activesupport (5.2.4.4) lib/active_support/tagged_logging.rb:28:in `tagged'
activesupport (5.2.4.4) lib/active_support/tagged_logging.rb:71:in `tagged'
railties (5.2.4.4) lib/rails/rack/logger.rb:26:in `call'
sprockets-rails (3.2.2) lib/sprockets/rails/quiet_assets.rb:13:in `call'
actionpack (5.2.4.4) lib/action_dispatch/middleware/remote_ip.rb:81:in `call'
actionpack (5.2.4.4) lib/action_dispatch/middleware/request_id.rb:27:in `call'
rack (2.2.3) lib/rack/method_override.rb:24:in `call'
rack (2.2.3) lib/rack/runtime.rb:22:in `call'
activesupport (5.2.4.4) lib/active_support/cache/strategy/local_cache_middleware.rb:29:in `call'
actionpack (5.2.4.4) lib/action_dispatch/middleware/executor.rb:14:in `call'
actionpack (5.2.4.4) lib/action_dispatch/middleware/static.rb:127:in `call'
rack (2.2.3) lib/rack/sendfile.rb:110:in `call'
railties (5.2.4.4) lib/rails/engine.rb:524:in `call'
puma (3.12.6) lib/puma/configuration.rb:227:in `call'
puma (3.12.6) lib/puma/server.rb:706:in `handle_request'
puma (3.12.6) lib/puma/server.rb:476:in `process_client'
puma (3.12.6) lib/puma/server.rb:334:in `block in run'
puma (3.12.6) lib/puma/thread_pool.rb:135:in `block in spawn_thread'
Started GET "/users/new" for ::1 at 2020-12-08 16:27:10 -0600
Processing by UsersController#new as HTML
  Rendering users/new.html.erb within layouts/application
  Rendered shared/_errors.html.erb (2.5ms)
  Rendered users/new.html.erb within layouts/application (24.9ms)
Completed 200 OK in 423ms (Views: 391.3ms | ActiveRecord: 0.0ms)


Started POST "/users" for ::1 at 2020-12-08 16:27:13 -0600
Processing by UsersController#create as HTML
  Parameters: {"authenticity_token"=>"", "user"=>{"email"=>"asdfasdf", "password"=>"[FILTERED]"}}
Can't verify CSRF token authenticity.
Completed 422 Unprocessable Entity in 43ms (ActiveRecord: 0.0ms)



ActionController::InvalidAuthenticityToken - ActionController::InvalidAuthenticityToken:

Started POST "/__better_errors/884acd4e8574583d/variables" for ::1 at 2020-12-08 16:27:16 -0600
Started POST "/__better_errors/884acd4e8574583d/variables" for ::1 at 2020-12-08 16:33:53 -0600
Started POST "/__better_errors/884acd4e8574583d/variables" for ::1 at 2020-12-08 16:34:21 -0600
Started GET "/bands" for ::1 at 2020-12-08 17:02:03 -0600
  [1m[35m (2.7ms)[0m  [1m[34mSELECT "schema_migrations"."version" FROM "schema_migrations" ORDER BY "schema_migrations"."version" ASC[0m
  ↳ /Users/Zihao/.rbenv/versions/2.5.1/lib/ruby/gems/2.5.0/gems/activerecord-5.2.4.4/lib/active_record/log_subscriber.rb:98
Processing by BandsController#index as HTML
  Rendering bands/index.html.erb within layouts/application
  [1m[36mBand Load (18.3ms)[0m  [1m[34mSELECT "bands".* FROM "bands"[0m
  ↳ app/views/bands/index.html.erb:10
  Rendered bands/index.html.erb within layouts/application (104.4ms)
Completed 200 OK in 1115ms (Views: 982.2ms | ActiveRecord: 92.0ms)


Started GET "/users/new" for ::1 at 2020-12-08 17:02:09 -0600
Processing by UsersController#new as HTML
  Rendering users/new.html.erb within layouts/application
  Rendered shared/_errors.html.erb (0.9ms)
  Rendered users/new.html.erb within layouts/application (7.2ms)
Completed 200 OK in 151ms (Views: 109.8ms | ActiveRecord: 24.1ms)


Started POST "/users" for ::1 at 2020-12-08 17:02:14 -0600
Processing by UsersController#create as HTML
  Parameters: {"authenticity_token"=>"", "user"=>{"email"=>"asdfasdf", "password"=>"[FILTERED]"}}
Can't verify CSRF token authenticity.
Completed 422 Unprocessable Entity in 1ms (ActiveRecord: 0.0ms)



ActionController::InvalidAuthenticityToken - ActionController::InvalidAuthenticityToken:

Started POST "/__better_errors/de6ec4952b1e06bf/variables" for ::1 at 2020-12-08 17:02:15 -0600
Started GET "/users/new" for ::1 at 2020-12-08 17:03:07 -0600
Processing by UsersController#new as HTML
  Rendering users/new.html.erb within layouts/application
  Rendered shared/_errors.html.erb (1.4ms)
  Rendered users/new.html.erb within layouts/application (13.9ms)
Completed 200 OK in 278ms (Views: 244.2ms | ActiveRecord: 0.0ms)


Started POST "/users" for ::1 at 2020-12-08 17:03:11 -0600
Processing by UsersController#create as HTML
  Parameters: {"authenticity_token"=>"xMBQVTFaiNfyo2Vtb+Vy1Um3ELcPhanx0V79Pb7cZBJZl3p8veQ9H5MvDSd0RBjqWWSWvS66xkmrUq60LUW7BQ==", "user"=>{"email"=>"asdfadfasdf", "password"=>"[FILTERED]"}}
Completed 500 Internal Server Error in 5ms (ActiveRecord: 0.0ms)



ArgumentError - wrong number of arguments (given 2, expected 1):
  app/controllers/users_controller.rb:27:in `user_params'
  app/controllers/users_controller.rb:9:in `create'

Started POST "/__better_errors/6ae9255f1ea10555/variables" for ::1 at 2020-12-08 17:03:12 -0600
Started POST "/__better_errors/6ae9255f1ea10555/variables" for ::1 at 2020-12-08 17:03:17 -0600
Started GET "/bands" for ::1 at 2020-12-08 17:04:09 -0600
Processing by BandsController#index as HTML
  Rendering bands/index.html.erb within layouts/application
  [1m[36mBand Load (1.7ms)[0m  [1m[34mSELECT "bands".* FROM "bands"[0m
  ↳ app/views/bands/index.html.erb:10
  Rendered bands/index.html.erb within layouts/application (18.3ms)
Completed 200 OK in 143ms (Views: 116.6ms | ActiveRecord: 11.6ms)


Started GET "/users/new" for ::1 at 2020-12-08 17:04:11 -0600
Processing by UsersController#new as HTML
  Rendering users/new.html.erb within layouts/application
  Rendered shared/_errors.html.erb (1.2ms)
  Rendered users/new.html.erb within layouts/application (11.3ms)
Completed 200 OK in 195ms (Views: 118.1ms | ActiveRecord: 34.7ms)


Started POST "/users" for ::1 at 2020-12-08 17:04:14 -0600
Processing by UsersController#create as HTML
  Parameters: {"authenticity_token"=>"", "user"=>{"email"=>"asdfasdf", "password"=>"[FILTERED]"}}
Can't verify CSRF token authenticity.
Completed 422 Unprocessable Entity in 2ms (ActiveRecord: 0.0ms)



ActionController::InvalidAuthenticityToken - ActionController::InvalidAuthenticityToken:

Started POST "/__better_errors/9f015a2a5d9cfd89/variables" for ::1 at 2020-12-08 17:04:14 -0600
Started GET "/users/new" for ::1 at 2020-12-08 17:04:49 -0600
Processing by UsersController#new as HTML
  Rendering users/new.html.erb within layouts/application
  Rendered shared/_errors.html.erb (1.5ms)
  Rendered users/new.html.erb within layouts/application (12.2ms)
Completed 200 OK in 188ms (Views: 135.7ms | ActiveRecord: 20.0ms)


Started POST "/users" for ::1 at 2020-12-08 17:04:52 -0600
Processing by UsersController#create as HTML
  Parameters: {"authenticity_token"=>"", "user"=>{"email"=>"asdfadfasdf", "password"=>"[FILTERED]"}}
Can't verify CSRF token authenticity.
Completed 422 Unprocessable Entity in 3ms (ActiveRecord: 0.0ms)



ActionController::InvalidAuthenticityToken - ActionController::InvalidAuthenticityToken:

Started POST "/__better_errors/0c6772c2d4ad3790/variables" for ::1 at 2020-12-08 17:04:52 -0600
Started GET "/bands" for ::1 at 2020-12-08 17:06:11 -0600
Processing by BandsController#index as HTML
  Rendering bands/index.html.erb within layouts/application
  [1m[36mBand Load (1.3ms)[0m  [1m[34mSELECT "bands".* FROM "bands"[0m
  ↳ app/views/bands/index.html.erb:10
  Rendered bands/index.html.erb within layouts/application (31.7ms)
Completed 200 OK in 246ms (Views: 168.9ms | ActiveRecord: 9.2ms)


Started GET "/users/new" for ::1 at 2020-12-08 17:06:13 -0600
Processing by UsersController#new as HTML
  Rendering users/new.html.erb within layouts/application
  Rendered shared/_errors.html.erb (0.8ms)
  Rendered users/new.html.erb within layouts/application (10.0ms)
Completed 200 OK in 115ms (Views: 112.2ms | ActiveRecord: 0.0ms)


Started POST "/users" for ::1 at 2020-12-08 17:06:17 -0600
Processing by UsersController#create as HTML
  Parameters: {"authenticity_token"=>"zTAcUJEo2y5iuFp5G/3f6E4m6eAr/59YMneMrarLAkJQZzZ5HZZu5gM0MjMAXLXXXvVv6grA8OBIe98kOVLdVQ==", "user"=>{"email"=>"asdfasdf", "password"=>"[FILTERED]"}}
Completed 500 Internal Server Error in 3ms (ActiveRecord: 0.0ms)



ArgumentError - wrong number of arguments (given 2, expected 1):
  app/controllers/users_controller.rb:27:in `user_params'
  app/controllers/users_controller.rb:9:in `create'

Started POST "/__better_errors/3a3de0dee662da3e/variables" for ::1 at 2020-12-08 17:06:17 -0600
Started GET "/bands" for ::1 at 2020-12-08 17:09:14 -0600
Processing by BandsController#index as HTML
  Rendering bands/index.html.erb within layouts/application
  [1m[36mBand Load (2.1ms)[0m  [1m[34mSELECT "bands".* FROM "bands"[0m
  ↳ app/views/bands/index.html.erb:10
  Rendered bands/index.html.erb within layouts/application (81.2ms)
Completed 200 OK in 418ms (Views: 402.2ms | ActiveRecord: 2.1ms)


Started GET "/users/new" for ::1 at 2020-12-08 17:09:17 -0600
Processing by UsersController#new as HTML
  Rendering users/new.html.erb within layouts/application
  Rendered shared/_errors.html.erb (2.3ms)
  Rendered users/new.html.erb within layouts/application (33.3ms)
Completed 200 OK in 231ms (Views: 224.4ms | ActiveRecord: 0.0ms)


Started POST "/users" for ::1 at 2020-12-08 17:09:25 -0600
Processing by UsersController#create as HTML
  Parameters: {"authenticity_token"=>"3bH95RSXxouf/dVnNUwE1XamFZf1btHPimuX9RmRa6lA5tfMmClzQ/5xvS0u7W7qZnWTndRRvnfwZ8R8igi0vg==", "user"=>{"email"=>"asdf@gmail.com", "password"=>"[FILTERED]"}}
Completed 500 Internal Server Error in 5ms (ActiveRecord: 0.0ms)



ArgumentError - wrong number of arguments (given 2, expected 1):
  app/controllers/users_controller.rb:27:in `user_params'
  app/controllers/users_controller.rb:9:in `create'

Started POST "/__better_errors/0a1d9b68732f2ca9/variables" for ::1 at 2020-12-08 17:09:26 -0600
Started POST "/users" for ::1 at 2020-12-08 17:10:10 -0600
Processing by UsersController#create as HTML
  Parameters: {"authenticity_token"=>"jwqpSywV9MIwhhVnDi6gFIj/EbJ11P3UP/Fp7tdNe9ISXYNioKtBClEKfS0Vj8ormCyXuFTrkmxF/TpnRNSkxQ==", "user"=>{"email"=>"asdf@gmail.com", "password"=>"[FILTERED]"}}
  [1m[35m (4.1ms)[0m  [1m[35mBEGIN[0m
  ↳ app/controllers/users_controller.rb:10
  [1m[36mUser Exists (35.3ms)[0m  [1m[34mSELECT  1 AS one FROM "users" WHERE "users"."email" = $1 LIMIT $2[0m  [["email", "asdf@gmail.com"], ["LIMIT", 1]]
  ↳ app/controllers/users_controller.rb:10
  [1m[36mUser Exists (1.1ms)[0m  [1m[34mSELECT  1 AS one FROM "users" WHERE "users"."session_token" = $1 LIMIT $2[0m  [["session_token", "_-PI6a-tsp4UZqOcgJ_b0Q"], ["LIMIT", 1]]
  ↳ app/controllers/users_controller.rb:10
  [1m[36mUser Create (19.2ms)[0m  [1m[32mINSERT INTO "users" ("email", "password_digest", "session_token") VALUES ($1, $2, $3) RETURNING "id"[0m  [["email", "asdf@gmail.com"], ["password_digest", "$2a$12$SiWCEsxA5xvdylUKxFRPZeZY/X2ZJJ2ZVhh8wUu97X53ileEAHmAa"], ["session_token", "_-PI6a-tsp4UZqOcgJ_b0Q"]]
  ↳ app/controllers/users_controller.rb:10
  [1m[35m (14.1ms)[0m  [1m[35mCOMMIT[0m
  ↳ app/controllers/users_controller.rb:10
  [1m[35m (0.9ms)[0m  [1m[35mBEGIN[0m
  ↳ app/models/user.rb:42
  [1m[36mUser Exists (3.5ms)[0m  [1m[34mSELECT  1 AS one FROM "users" WHERE "users"."email" = $1 AND "users"."id" != $2 LIMIT $3[0m  [["email", "asdf@gmail.com"], ["id", 1], ["LIMIT", 1]]
  ↳ app/models/user.rb:42
  [1m[36mUser Exists (1.7ms)[0m  [1m[34mSELECT  1 AS one FROM "users" WHERE "users"."session_token" = $1 AND "users"."id" != $2 LIMIT $3[0m  [["session_token", "Z1jJ8p1YKZHnZySv-0I3Cg"], ["id", 1], ["LIMIT", 1]]
  ↳ app/models/user.rb:42
  [1m[36mUser Update (11.7ms)[0m  [1m[33mUPDATE "users" SET "session_token" = $1 WHERE "users"."id" = $2[0m  [["session_token", "Z1jJ8p1YKZHnZySv-0I3Cg"], ["id", 1]]
  ↳ app/models/user.rb:42
  [1m[35m (8.7ms)[0m  [1m[35mCOMMIT[0m
  ↳ app/models/user.rb:42
Redirected to http://localhost:3000/bands
Completed 302 Found in 758ms (ActiveRecord: 131.7ms)


Started GET "/bands" for ::1 at 2020-12-08 17:10:11 -0600
Processing by BandsController#index as HTML
  Rendering bands/index.html.erb within layouts/application
  [1m[36mBand Load (0.7ms)[0m  [1m[34mSELECT "bands".* FROM "bands"[0m
  ↳ app/views/bands/index.html.erb:10
  Rendered bands/index.html.erb within layouts/application (16.4ms)
  [1m[36mUser Load (5.5ms)[0m  [1m[34mSELECT  "users".* FROM "users" WHERE "users"."session_token" = $1 LIMIT $2[0m  [["session_token", "Z1jJ8p1YKZHnZySv-0I3Cg"], ["LIMIT", 1]]
  ↳ app/controllers/application_controller.rb:9
Completed 500 Internal Server Error in 223ms (ActiveRecord: 32.1ms)



NoMethodError - undefined method `username' for #<User:0x00007fa896a30fc0>:
  app/views/layouts/application.html.erb:23:in `_app_views_layouts_application_html_erb__102692676688573002_70181025611980'
  app/controllers/bands_controller.rb:5:in `index'

Started POST "/__better_errors/bbeed82e1b97a4a2/variables" for ::1 at 2020-12-08 17:10:12 -0600
Started GET "/bands" for ::1 at 2020-12-08 17:12:35 -0600
Processing by BandsController#index as HTML
  Rendering bands/index.html.erb within layouts/application
  [1m[36mBand Load (2.5ms)[0m  [1m[34mSELECT "bands".* FROM "bands"[0m
  ↳ app/views/bands/index.html.erb:10
  Rendered bands/index.html.erb within layouts/application (51.7ms)
  [1m[36mUser Load (1.3ms)[0m  [1m[34mSELECT  "users".* FROM "users" WHERE "users"."session_token" = $1 LIMIT $2[0m  [["session_token", "Z1jJ8p1YKZHnZySv-0I3Cg"], ["LIMIT", 1]]
  ↳ app/controllers/application_controller.rb:9
Completed 200 OK in 384ms (Views: 349.5ms | ActiveRecord: 3.8ms)


Started GET "/new_band_url%20%%3E" for ::1 at 2020-12-08 17:12:41 -0600
  
ActionController::RoutingError (No route matches [GET] "/new_band_url%20%%3E"):
  
actionpack (5.2.4.4) lib/action_dispatch/middleware/debug_exceptions.rb:65:in `call'
web-console (3.7.0) lib/web_console/middleware.rb:135:in `call_app'
web-console (3.7.0) lib/web_console/middleware.rb:30:in `block in call'
web-console (3.7.0) lib/web_console/middleware.rb:20:in `catch'
web-console (3.7.0) lib/web_console/middleware.rb:20:in `call'
actionpack (5.2.4.4) lib/action_dispatch/middleware/show_exceptions.rb:33:in `call'
railties (5.2.4.4) lib/rails/rack/logger.rb:38:in `call_app'
railties (5.2.4.4) lib/rails/rack/logger.rb:26:in `block in call'
activesupport (5.2.4.4) lib/active_support/tagged_logging.rb:71:in `block in tagged'
activesupport (5.2.4.4) lib/active_support/tagged_logging.rb:28:in `tagged'
activesupport (5.2.4.4) lib/active_support/tagged_logging.rb:71:in `tagged'
railties (5.2.4.4) lib/rails/rack/logger.rb:26:in `call'
sprockets-rails (3.2.2) lib/sprockets/rails/quiet_assets.rb:13:in `call'
actionpack (5.2.4.4) lib/action_dispatch/middleware/remote_ip.rb:81:in `call'
actionpack (5.2.4.4) lib/action_dispatch/middleware/request_id.rb:27:in `call'
rack (2.2.3) lib/rack/method_override.rb:24:in `call'
rack (2.2.3) lib/rack/runtime.rb:22:in `call'
activesupport (5.2.4.4) lib/active_support/cache/strategy/local_cache_middleware.rb:29:in `call'
actionpack (5.2.4.4) lib/action_dispatch/middleware/executor.rb:14:in `call'
actionpack (5.2.4.4) lib/action_dispatch/middleware/static.rb:127:in `call'
rack (2.2.3) lib/rack/sendfile.rb:110:in `call'
railties (5.2.4.4) lib/rails/engine.rb:524:in `call'
puma (3.12.6) lib/puma/configuration.rb:227:in `call'
puma (3.12.6) lib/puma/server.rb:706:in `handle_request'
puma (3.12.6) lib/puma/server.rb:476:in `process_client'
puma (3.12.6) lib/puma/server.rb:334:in `block in run'
puma (3.12.6) lib/puma/thread_pool.rb:135:in `block in spawn_thread'
Started GET "/new_band_url%20%%3E" for ::1 at 2020-12-08 17:13:22 -0600
  
ActionController::RoutingError (No route matches [GET] "/new_band_url%20%%3E"):
  
actionpack (5.2.4.4) lib/action_dispatch/middleware/debug_exceptions.rb:65:in `call'
web-console (3.7.0) lib/web_console/middleware.rb:135:in `call_app'
web-console (3.7.0) lib/web_console/middleware.rb:30:in `block in call'
web-console (3.7.0) lib/web_console/middleware.rb:20:in `catch'
web-console (3.7.0) lib/web_console/middleware.rb:20:in `call'
actionpack (5.2.4.4) lib/action_dispatch/middleware/show_exceptions.rb:33:in `call'
railties (5.2.4.4) lib/rails/rack/logger.rb:38:in `call_app'
railties (5.2.4.4) lib/rails/rack/logger.rb:26:in `block in call'
activesupport (5.2.4.4) lib/active_support/tagged_logging.rb:71:in `block in tagged'
activesupport (5.2.4.4) lib/active_support/tagged_logging.rb:28:in `tagged'
activesupport (5.2.4.4) lib/active_support/tagged_logging.rb:71:in `tagged'
railties (5.2.4.4) lib/rails/rack/logger.rb:26:in `call'
sprockets-rails (3.2.2) lib/sprockets/rails/quiet_assets.rb:13:in `call'
actionpack (5.2.4.4) lib/action_dispatch/middleware/remote_ip.rb:81:in `call'
actionpack (5.2.4.4) lib/action_dispatch/middleware/request_id.rb:27:in `call'
rack (2.2.3) lib/rack/method_override.rb:24:in `call'
rack (2.2.3) lib/rack/runtime.rb:22:in `call'
activesupport (5.2.4.4) lib/active_support/cache/strategy/local_cache_middleware.rb:29:in `call'
actionpack (5.2.4.4) lib/action_dispatch/middleware/executor.rb:14:in `call'
actionpack (5.2.4.4) lib/action_dispatch/middleware/static.rb:127:in `call'
rack (2.2.3) lib/rack/sendfile.rb:110:in `call'
railties (5.2.4.4) lib/rails/engine.rb:524:in `call'
puma (3.12.6) lib/puma/configuration.rb:227:in `call'
puma (3.12.6) lib/puma/server.rb:706:in `handle_request'
puma (3.12.6) lib/puma/server.rb:476:in `process_client'
puma (3.12.6) lib/puma/server.rb:334:in `block in run'
puma (3.12.6) lib/puma/thread_pool.rb:135:in `block in spawn_thread'
Started GET "/bands" for ::1 at 2020-12-08 17:13:23 -0600
Processing by BandsController#index as HTML
  Rendering bands/index.html.erb within layouts/application
  [1m[36mBand Load (16.0ms)[0m  [1m[34mSELECT "bands".* FROM "bands"[0m
  ↳ app/views/bands/index.html.erb:10
  Rendered bands/index.html.erb within layouts/application (137.2ms)
  [1m[36mUser Load (0.8ms)[0m  [1m[34mSELECT  "users".* FROM "users" WHERE "users"."session_token" = $1 LIMIT $2[0m  [["session_token", "Z1jJ8p1YKZHnZySv-0I3Cg"], ["LIMIT", 1]]
  ↳ app/controllers/application_controller.rb:9
Completed 200 OK in 609ms (Views: 588.0ms | ActiveRecord: 17.3ms)


Started GET "/new_band_url%20%%3E" for ::1 at 2020-12-08 17:13:27 -0600
  
ActionController::RoutingError (No route matches [GET] "/new_band_url%20%%3E"):
  
actionpack (5.2.4.4) lib/action_dispatch/middleware/debug_exceptions.rb:65:in `call'
web-console (3.7.0) lib/web_console/middleware.rb:135:in `call_app'
web-console (3.7.0) lib/web_console/middleware.rb:30:in `block in call'
web-console (3.7.0) lib/web_console/middleware.rb:20:in `catch'
web-console (3.7.0) lib/web_console/middleware.rb:20:in `call'
actionpack (5.2.4.4) lib/action_dispatch/middleware/show_exceptions.rb:33:in `call'
railties (5.2.4.4) lib/rails/rack/logger.rb:38:in `call_app'
railties (5.2.4.4) lib/rails/rack/logger.rb:26:in `block in call'
activesupport (5.2.4.4) lib/active_support/tagged_logging.rb:71:in `block in tagged'
activesupport (5.2.4.4) lib/active_support/tagged_logging.rb:28:in `tagged'
activesupport (5.2.4.4) lib/active_support/tagged_logging.rb:71:in `tagged'
railties (5.2.4.4) lib/rails/rack/logger.rb:26:in `call'
sprockets-rails (3.2.2) lib/sprockets/rails/quiet_assets.rb:13:in `call'
actionpack (5.2.4.4) lib/action_dispatch/middleware/remote_ip.rb:81:in `call'
actionpack (5.2.4.4) lib/action_dispatch/middleware/request_id.rb:27:in `call'
rack (2.2.3) lib/rack/method_override.rb:24:in `call'
rack (2.2.3) lib/rack/runtime.rb:22:in `call'
activesupport (5.2.4.4) lib/active_support/cache/strategy/local_cache_middleware.rb:29:in `call'
actionpack (5.2.4.4) lib/action_dispatch/middleware/executor.rb:14:in `call'
actionpack (5.2.4.4) lib/action_dispatch/middleware/static.rb:127:in `call'
rack (2.2.3) lib/rack/sendfile.rb:110:in `call'
railties (5.2.4.4) lib/rails/engine.rb:524:in `call'
puma (3.12.6) lib/puma/configuration.rb:227:in `call'
puma (3.12.6) lib/puma/server.rb:706:in `handle_request'
puma (3.12.6) lib/puma/server.rb:476:in `process_client'
puma (3.12.6) lib/puma/server.rb:334:in `block in run'
puma (3.12.6) lib/puma/thread_pool.rb:135:in `block in spawn_thread'
